{
  "RSpec": {
    "coverage": {
      "/home/rohit/Desktop/Projects-OG/contentstack-ruby/contentstack/lib/contentstack.rb": [
        1,
        null,
        1,
        1,
        1,
        null,
        null,
        null,
        null,
        null,
        null,
        null,
        null,
        null,
        null,
        null,
        null,
        null,
        1,
        null
      ],
      "/home/rohit/Desktop/Projects-OG/contentstack-ruby/contentstack/lib/contentstack/version.rb": [
        1,
        1,
        null
      ],
      "/home/rohit/Desktop/Projects-OG/contentstack-ruby/contentstack/lib/contentstack/client.rb": [
        1,
        1,
        1,
        null,
        1,
        1,
        null,
        1,
        58,
        null,
        null,
        null,
        1,
        6,
        null,
        null,
        1,
        53,
        null,
        null,
        1,
        2,
        null,
        null,
        1,
        7,
        null,
        null,
        null
      ],
      "/home/rohit/Desktop/Projects-OG/contentstack-ruby/contentstack/lib/contentstack/api.rb": [
        1,
        1,
        1,
        1,
        1,
        null,
        1,
        1,
        1,
        58,
        58,
        58,
        58,
        null,
        null,
        1,
        6,
        0,
        null,
        6,
        null,
        6,
        null,
        null,
        1,
        47,
        47,
        null,
        null,
        1,
        2,
        2,
        null,
        null,
        1,
        9,
        9,
        9,
        null,
        null,
        1,
        1,
        64,
        null,
        64,
        64,
        null,
        64,
        null,
        null,
        64,
        null,
        null,
        null
      ],
      "/home/rohit/Desktop/Projects-OG/contentstack-ruby/contentstack/lib/contentstack/content_type.rb": [
        1,
        null,
        1,
        1,
        1,
        5,
        2,
        8,
        null,
        3,
        1,
        null,
        null,
        null,
        null,
        null,
        null,
        2,
        null,
        null,
        2,
        61,
        null,
        null,
        null,
        null,
        1,
        70,
        null,
        null,
        1,
        51,
        null,
        null,
        1,
        2,
        null,
        null,
        null,
        1,
        6,
        6,
        168,
        null,
        null,
        null,
        1,
        0,
        0,
        null,
        null,
        null
      ],
      "/home/rohit/Desktop/Projects-OG/contentstack-ruby/contentstack/lib/contentstack/query.rb": [
        1,
        null,
        1,
        null,
        1,
        null,
        null,
        null,
        null,
        null,
        null,
        1,
        null,
        null,
        null,
        null,
        null,
        null,
        null,
        null,
        null,
        1,
        51,
        51,
        null,
        null,
        null,
        null,
        null,
        null,
        null,
        null,
        null,
        null,
        null,
        null,
        null,
        null,
        null,
        null,
        null,
        1,
        0,
        null,
        null,
        null,
        null,
        null,
        null,
        null,
        null,
        null,
        null,
        1,
        0,
        0,
        0,
        0,
        null,
        null,
        null,
        null,
        null,
        null,
        null,
        null,
        null,
        null,
        1,
        2,
        null,
        null,
        null,
        null,
        null,
        null,
        null,
        null,
        null,
        null,
        null,
        null,
        1,
        4,
        null,
        null,
        null,
        null,
        null,
        4,
        null,
        4,
        null,
        null,
        null,
        null,
        null,
        null,
        null,
        null,
        null,
        null,
        1,
        1,
        null,
        null,
        null,
        null,
        null,
        null,
        null,
        null,
        null,
        null,
        1,
        1,
        1,
        null,
        null,
        null,
        null,
        null,
        null,
        null,
        null,
        null,
        null,
        null,
        null,
        null,
        null,
        null,
        null,
        null,
        null,
        null,
        null,
        1,
        1,
        1,
        null,
        null,
        null,
        null,
        null,
        null,
        null,
        null,
        null,
        null,
        null,
        null,
        null,
        null,
        null,
        null,
        null,
        null,
        null,
        null,
        1,
        1,
        1,
        null,
        null,
        null,
        null,
        null,
        null,
        null,
        null,
        null,
        null,
        null,
        null,
        null,
        1,
        1,
        1,
        null,
        null,
        null,
        null,
        null,
        null,
        null,
        null,
        null,
        null,
        null,
        null,
        null,
        1,
        1,
        1,
        null,
        null,
        null,
        null,
        null,
        null,
        null,
        null,
        null,
        null,
        null,
        null,
        null,
        1,
        1,
        1,
        null,
        null,
        null,
        null,
        null,
        null,
        null,
        null,
        null,
        null,
        null,
        null,
        null,
        1,
        1,
        1,
        null,
        null,
        null,
        null,
        null,
        null,
        null,
        null,
        null,
        null,
        null,
        null,
        1,
        1,
        1,
        null,
        null,
        null,
        null,
        null,
        null,
        null,
        null,
        null,
        null,
        null,
        null,
        1,
        2,
        2,
        null,
        null,
        null,
        null,
        null,
        null,
        null,
        null,
        null,
        null,
        null,
        null,
        1,
        2,
        2,
        null,
        null,
        null,
        null,
        null,
        null,
        null,
        null,
        null,
        null,
        null,
        1,
        1,
        1,
        null,
        null,
        null,
        null,
        null,
        null,
        null,
        null,
        null,
        null,
        null,
        1,
        1,
        1,
        null,
        null,
        null,
        null,
        null,
        null,
        null,
        null,
        null,
        null,
        null,
        1,
        1,
        1,
        null,
        null,
        null,
        null,
        null,
        null,
        null,
        null,
        null,
        1,
        1,
        1,
        null,
        null,
        null,
        null,
        null,
        null,
        null,
        null,
        null,
        1,
        8,
        8,
        null,
        null,
        null,
        null,
        null,
        null,
        null,
        null,
        null,
        null,
        null,
        null,
        1,
        1,
        1,
        1,
        null,
        null,
        null,
        null,
        null,
        null,
        null,
        null,
        null,
        null,
        null,
        null,
        1,
        1,
        1,
        1,
        null,
        null,
        null,
        null,
        null,
        null,
        null,
        null,
        null,
        null,
        null,
        null,
        null,
        null,
        null,
        null,
        null,
        null,
        1,
        3,
        3,
        1,
        1,
        null,
        2,
        2,
        null,
        null,
        3,
        3,
        null,
        null,
        null,
        null,
        null,
        null,
        null,
        null,
        null,
        null,
        null,
        null,
        null,
        null,
        null,
        null,
        null,
        null,
        1,
        3,
        3,
        1,
        1,
        null,
        2,
        2,
        null,
        null,
        3,
        3,
        null,
        null,
        null,
        null,
        null,
        null,
        null,
        null,
        null,
        null,
        null,
        null,
        null,
        null,
        null,
        null,
        null,
        1,
        3,
        null,
        null,
        null,
        null,
        null,
        null,
        null,
        null,
        null,
        null,
        1,
        1,
        1,
        null,
        null,
        null,
        null,
        null,
        null,
        null,
        null,
        null,
        null,
        1,
        1,
        1,
        null,
        null,
        null,
        null,
        null,
        null,
        null,
        null,
        null,
        null,
        1,
        1,
        1,
        null,
        null,
        null,
        null,
        null,
        null,
        null,
        null,
        null,
        null,
        1,
        1,
        1,
        null,
        null,
        null,
        null,
        null,
        1,
        3,
        3,
        3,
        3,
        null,
        null,
        null,
        null,
        null,
        null,
        null,
        null,
        null,
        null,
        null,
        null,
        1,
        1,
        1,
        null,
        null,
        null,
        null,
        null,
        null,
        null,
        null,
        null,
        null,
        null,
        null,
        1,
        47,
        47,
        null,
        null,
        null,
        null,
        null,
        null,
        null,
        null,
        null,
        null,
        null,
        1,
        0,
        0,
        null,
        null,
        1,
        1,
        1,
        null,
        1,
        1,
        19,
        19,
        19,
        19,
        null,
        null,
        1,
        2,
        2,
        2,
        0,
        null,
        null,
        2,
        2,
        4,
        4,
        4,
        null,
        null,
        null,
        null,
        2,
        null,
        null,
        null
      ],
      "/home/rohit/Desktop/Projects-OG/contentstack-ruby/contentstack/lib/contentstack/entry_collection.rb": [
        1,
        null,
        1,
        1,
        1,
        null,
        1,
        47,
        258,
        47,
        47,
        47,
        null,
        null,
        1,
        0,
        null,
        null,
        1,
        0,
        null,
        null,
        1,
        0,
        null,
        null,
        1,
        20,
        null,
        null,
        1,
        16,
        null,
        null,
        1,
        2,
        null,
        null,
        1,
        1,
        null,
        null,
        null
      ],
      "/home/rohit/Desktop/Projects-OG/contentstack-ruby/contentstack/lib/contentstack/entry.rb": [
        1,
        1,
        1,
        1,
        213,
        null,
        null,
        1,
        2,
        2,
        2,
        null,
        null,
        1,
        2,
        2,
        null,
        null,
        1,
        1,
        215,
        215,
        215,
        215,
        null,
        null,
        null
      ],
      "/home/rohit/Desktop/Projects-OG/contentstack-ruby/contentstack/lib/contentstack/asset_collection.rb": [
        1,
        null,
        1,
        null,
        1,
        1,
        null,
        1,
        4,
        2,
        2,
        null,
        6,
        null,
        null,
        null,
        null,
        null,
        null,
        null,
        1,
        2,
        2,
        null,
        null,
        null
      ],
      "/home/rohit/Desktop/Projects-OG/contentstack-ruby/contentstack/lib/contentstack/asset.rb": [
        1,
        null,
        null,
        1,
        1,
        null,
        null,
        null,
        null,
        null,
        null,
        null,
        null,
        null,
        null,
        null,
        null,
        null,
        null,
        null,
        null,
        null,
        null,
        null,
        null,
        null,
        null,
        null,
        null,
        null,
        null,
        null,
        null,
        null,
        null,
        null,
        null,
        null,
        null,
        null,
        1,
        18,
        7,
        null,
        11,
        11,
        11,
        11,
        11,
        11,
        11,
        null,
        null,
        18,
        null,
        null,
        null,
        null,
        null,
        null,
        1,
        7,
        null,
        7,
        null,
        null,
        null
      ],
      "/home/rohit/Desktop/Projects-OG/contentstack-ruby/contentstack/lib/util.rb": [
        1,
        1,
        null,
        577,
        70,
        null,
        null,
        1,
        2941,
        2941,
        15209,
        3020,
        null,
        12189,
        null,
        null,
        2941,
        null,
        null,
        null,
        1,
        1,
        10,
        21,
        null,
        null,
        1,
        1222,
        967,
        761,
        null,
        206,
        null,
        null,
        null,
        null,
        null,
        1,
        1,
        362,
        362,
        null,
        null,
        1,
        373,
        null,
        null,
        null,
        1,
        1,
        0,
        null,
        null,
        1,
        561,
        null,
        null,
        null,
        1,
        1,
        192,
        null,
        null,
        1,
        0,
        null,
        null,
        null,
        1,
        1,
        0,
        null,
        null,
        1,
        12,
        null,
        null,
        null,
        1,
        1,
        0,
        null,
        null,
        1,
        39,
        null,
        null,
        null,
        1,
        1,
        0,
        null,
        null,
        1,
        159,
        null,
        null,
        null,
        1,
        1,
        0,
        null,
        null,
        1,
        0,
        null,
        null
      ],
      "/home/rohit/Desktop/Projects-OG/contentstack-ruby/contentstack/spec/asset_collection_spec.rb": [
        1,
        1,
        null,
        1,
        3,
        null,
        1,
        1,
        1,
        null,
        null,
        1,
        1,
        1,
        null,
        null
      ],
      "/home/rohit/Desktop/Projects-OG/contentstack-ruby/contentstack/spec/asset_spec.rb": [
        1,
        1,
        null,
        1,
        8,
        null,
        1,
        1,
        1,
        1,
        null,
        null,
        1,
        1,
        1,
        1,
        null,
        null,
        1,
        1,
        1,
        1,
        null,
        null,
        1,
        1,
        1,
        1,
        null,
        null,
        1,
        1,
        1,
        1,
        null,
        null,
        1,
        1,
        1,
        1,
        null,
        null,
        1,
        1,
        1,
        1,
        null,
        null
      ],
      "/home/rohit/Desktop/Projects-OG/contentstack-ruby/contentstack/spec/content_type_spec.rb": [
        1,
        1,
        null,
        1,
        7,
        null,
        1,
        1,
        1,
        1,
        null,
        null,
        1,
        1,
        1,
        null,
        null,
        1,
        1,
        1,
        null,
        null,
        1,
        1,
        1,
        null,
        null,
        1,
        1,
        1,
        null,
        null,
        1,
        1,
        1,
        null,
        null,
        null,
        1,
        1,
        5,
        null,
        null,
        1,
        1,
        null,
        null,
        1,
        1,
        null,
        null,
        1,
        1,
        null,
        null,
        1,
        1,
        null,
        null,
        1,
        1,
        null,
        null,
        null
      ],
      "/home/rohit/Desktop/Projects-OG/contentstack-ruby/contentstack/spec/contentstack_spec.rb": [
        1,
        1,
        null,
        1,
        1,
        null,
        1,
        1,
        null,
        null
      ],
      "/home/rohit/Desktop/Projects-OG/contentstack-ruby/contentstack/spec/entry_collection_spec.rb": [
        1,
        1,
        null,
        1,
        7,
        null,
        1,
        1,
        1,
        1,
        null,
        null,
        1,
        1,
        1,
        1,
        null,
        null,
        1,
        1,
        1,
        1,
        null,
        null,
        1,
        1,
        1,
        1,
        null,
        null,
        1,
        1,
        1,
        1,
        null,
        null,
        1,
        1,
        1,
        1,
        null,
        null
      ],
      "/home/rohit/Desktop/Projects-OG/contentstack-ruby/contentstack/spec/entry_spec.rb": [
        1,
        1,
        null,
        1,
        4,
        null,
        1,
        1,
        1,
        1,
        null,
        null,
        1,
        1,
        1,
        null,
        null,
        1,
        1,
        1,
        1,
        null,
        null
      ],
      "/home/rohit/Desktop/Projects-OG/contentstack-ruby/contentstack/spec/query_spec.rb": [
        1,
        1,
        null,
        1,
        35,
        23,
        13,
        null,
        1,
        1,
        1,
        null,
        null,
        1,
        1,
        1,
        null,
        null,
        1,
        1,
        1,
        null,
        null,
        1,
        1,
        1,
        null,
        null,
        1,
        1,
        1,
        null,
        null,
        1,
        1,
        1,
        null,
        null,
        1,
        1,
        1,
        null,
        null,
        1,
        1,
        1,
        null,
        null,
        1,
        1,
        1,
        null,
        null,
        1,
        1,
        1,
        1,
        null,
        null,
        1,
        1,
        1,
        1,
        null,
        null,
        1,
        1,
        1,
        1,
        null,
        null,
        1,
        1,
        1,
        null,
        null,
        1,
        1,
        1,
        null,
        null,
        1,
        1,
        1,
        null,
        null,
        1,
        1,
        1,
        1,
        1,
        null,
        null,
        1,
        1,
        1,
        null,
        null,
        1,
        1,
        1,
        null,
        null,
        1,
        1,
        1,
        null,
        null,
        1,
        1,
        1,
        null,
        null,
        1,
        1,
        1,
        null,
        null,
        1,
        1,
        1,
        null,
        null,
        1,
        1,
        1,
        null,
        null,
        1,
        1,
        1,
        null,
        null,
        1,
        1,
        1,
        null,
        null,
        1,
        1,
        1,
        1,
        null,
        null,
        1,
        1,
        1,
        null,
        null,
        1,
        1,
        1,
        null,
        null,
        1,
        1,
        1,
        null,
        null,
        1,
        1,
        1,
        null,
        null,
        1,
        1,
        1,
        null,
        null,
        1,
        1,
        1,
        null,
        null,
        1,
        1,
        1,
        1,
        1,
        null,
        null,
        1,
        1,
        1,
        1,
        1,
        null,
        null
      ]
    },
    "timestamp": 1507714336
  }
}
